# JRE version: Java(TM) SE Runtime Environment (8.0_221-b11) (build 1.8.0_221-b11)
# Java VM: Java HotSpot(TM) 64-Bit Server VM (25.221-b11 mixed mode windows-amd64 compressed oops)
Heap:
 PSYoungGen      total 83968K, used 19759K [0x00000000d6000000, 0x00000000dd700000, 0x0000000100000000)
  eden space 68608K, 20% used [0x00000000d6000000,0x00000000d6dd4040,0x00000000da300000)
  from space 15360K, 36% used [0x00000000da300000,0x00000000da877ef0,0x00000000db200000)
  to   space 14848K, 0% used [0x00000000dc880000,0x00000000dc880000,0x00000000dd700000)
 ParOldGen       total 235008K, used 120575K [0x0000000082000000, 0x0000000090580000, 0x00000000d6000000)
  object space 235008K, 51% used [0x0000000082000000,0x00000000895bfed8,0x0000000090580000)
 Metaspace       used 29310K, capacity 31314K, committed 31704K, reserved 1077248K
  class space    used 3855K, capacity 4228K, committed 4352K, reserved 1048576K
GC Heap History (10 events):
Event: 7.678 GC heap before
{Heap before GC invocations=5 (full 1):
 PSYoungGen      total 37888K, used 37255K [0x00000000d6000000, 0x00000000d9700000, 0x0000000100000000)
  eden space 32768K, 100% used [0x00000000d6000000,0x00000000d8000000,0x00000000d8000000)
  from space 5120K, 87% used [0x00000000d8000000,0x00000000d8461ef0,0x00000000d8500000)
  to   space 5120K, 0% used [0x00000000d9200000,0x00000000d9200000,0x00000000d9700000)
 ParOldGen       total 146944K, used 73650K [0x0000000082000000, 0x000000008af80000, 0x00000000d6000000)
  object space 146944K, 50% used [0x0000000082000000,0x00000000867ec9f0,0x000000008af80000)
 Metaspace       used 22740K, capacity 23604K, committed 23936K, reserved 1069056K
  class space    used 3127K, capacity 3345K, committed 3456K, reserved 1048576K
Event: 7.694 GC heap after
Heap after GC invocations=5 (full 1):
 PSYoungGen      total 51200K, used 4318K [0x00000000d6000000, 0x00000000d9a80000, 0x0000000100000000)
  eden space 46080K, 0% used [0x00000000d6000000,0x00000000d6000000,0x00000000d8d00000)
  from space 5120K, 84% used [0x00000000d9200000,0x00000000d96378c0,0x00000000d9700000)
  to   space 5120K, 0% used [0x00000000d8d00000,0x00000000d8d00000,0x00000000d9200000)
 ParOldGen       total 146944K, used 97385K [0x0000000082000000, 0x000000008af80000, 0x00000000d6000000)
  object space 146944K, 66% used [0x0000000082000000,0x0000000087f1a4c0,0x000000008af80000)
 Metaspace       used 22740K, capacity 23604K, committed 23936K, reserved 1069056K
  class space    used 3127K, capacity 3345K, committed 3456K, reserved 1048576K
}
Event: 9.218 GC heap before
{Heap before GC invocations=6 (full 1):
 PSYoungGen      total 51200K, used 50398K [0x00000000d6000000, 0x00000000d9a80000, 0x0000000100000000)
  eden space 46080K, 100% used [0x00000000d6000000,0x00000000d8d00000,0x00000000d8d00000)
  from space 5120K, 84% used [0x00000000d9200000,0x00000000d96378c0,0x00000000d9700000)
  to   space 5120K, 0% used [0x00000000d8d00000,0x00000000d8d00000,0x00000000d9200000)
 ParOldGen       total 146944K, used 97385K [0x0000000082000000, 0x000000008af80000, 0x00000000d6000000)
  object space 146944K, 66% used [0x0000000082000000,0x0000000087f1a4c0,0x000000008af80000)
 Metaspace       used 25892K, capacity 27500K, committed 27776K, reserved 1073152K
  class space    used 3560K, capacity 3859K, committed 3968K, reserved 1048576K
Event: 9.251 GC heap after
Heap after GC invocations=6 (full 1):
 PSYoungGen      total 51200K, used 5088K [0x00000000d6000000, 0x00000000dc280000, 0x0000000100000000)
  eden space 46080K, 0% used [0x00000000d6000000,0x00000000d6000000,0x00000000d8d00000)
  from space 5120K, 99% used [0x00000000d8d00000,0x00000000d91f8060,0x00000000d9200000)
  to   space 14848K, 0% used [0x00000000db400000,0x00000000db400000,0x00000000dc280000)
 ParOldGen       total 146944K, used 110758K [0x0000000082000000, 0x000000008af80000, 0x00000000d6000000)
  object space 146944K, 75% used [0x0000000082000000,0x0000000088c299c8,0x000000008af80000)
 Metaspace       used 25892K, capacity 27500K, committed 27776K, reserved 1073152K
  class space    used 3560K, capacity 3859K, committed 3968K, reserved 1048576K
}
Event: 13.041 GC heap before
{Heap before GC invocations=7 (full 1):
 PSYoungGen      total 51200K, used 34672K [0x00000000d6000000, 0x00000000dc280000, 0x0000000100000000)
  eden space 46080K, 64% used [0x00000000d6000000,0x00000000d7ce40e8,0x00000000d8d00000)
  from space 5120K, 99% used [0x00000000d8d00000,0x00000000d91f8060,0x00000000d9200000)
  to   space 14848K, 0% used [0x00000000db400000,0x00000000db400000,0x00000000dc280000)
 ParOldGen       total 146944K, used 110758K [0x0000000082000000, 0x000000008af80000, 0x00000000d6000000)
  object space 146944K, 75% used [0x0000000082000000,0x0000000088c299c8,0x000000008af80000)
 Metaspace       used 27797K, capacity 29594K, committed 29656K, reserved 1075200K
  class space    used 3741K, capacity 4092K, committed 4096K, reserved 1048576K
Event: 13.056 GC heap after
Heap after GC invocations=7 (full 1):
 PSYoungGen      total 81920K, used 10224K [0x00000000d6000000, 0x00000000dc100000, 0x0000000100000000)
  eden space 68608K, 0% used [0x00000000d6000000,0x00000000d6000000,0x00000000da300000)
  from space 13312K, 76% used [0x00000000db400000,0x00000000dbdfc050,0x00000000dc100000)
  to   space 15360K, 0% used [0x00000000da300000,0x00000000da300000,0x00000000db200000)
 ParOldGen       total 146944K, used 110766K [0x0000000082000000, 0x000000008af80000, 0x00000000d6000000)
  object space 146944K, 75% used [0x0000000082000000,0x0000000088c2b9c8,0x000000008af80000)
 Metaspace       used 27797K, capacity 29594K, committed 29656K, reserved 1075200K
  class space    used 3741K, capacity 4092K, committed 4096K, reserved 1048576K
}
Event: 13.056 GC heap before
{Heap before GC invocations=8 (full 2):
 PSYoungGen      total 81920K, used 10224K [0x00000000d6000000, 0x00000000dc100000, 0x0000000100000000)
  eden space 68608K, 0% used [0x00000000d6000000,0x00000000d6000000,0x00000000da300000)
  from space 13312K, 76% used [0x00000000db400000,0x00000000dbdfc050,0x00000000dc100000)
  to   space 15360K, 0% used [0x00000000da300000,0x00000000da300000,0x00000000db200000)
 ParOldGen       total 146944K, used 110766K [0x0000000082000000, 0x000000008af80000, 0x00000000d6000000)
  object space 146944K, 75% used [0x0000000082000000,0x0000000088c2b9c8,0x000000008af80000)
 Metaspace       used 27797K, capacity 29594K, committed 29656K, reserved 1075200K
  class space    used 3741K, capacity 4092K, committed 4096K, reserved 1048576K
Event: 13.263 GC heap after
Heap after GC invocations=8 (full 2):
 PSYoungGen      total 81920K, used 0K [0x00000000d6000000, 0x00000000dc100000, 0x0000000100000000)
  eden space 68608K, 0% used [0x00000000d6000000,0x00000000d6000000,0x00000000da300000)
  from space 13312K, 0% used [0x00000000db400000,0x00000000db400000,0x00000000dc100000)
  to   space 15360K, 0% used [0x00000000da300000,0x00000000da300000,0x00000000db200000)
 ParOldGen       total 235008K, used 120567K [0x0000000082000000, 0x0000000090580000, 0x00000000d6000000)
  object space 235008K, 51% used [0x0000000082000000,0x00000000895bded8,0x0000000090580000)
 Metaspace       used 27797K, capacity 29594K, committed 29656K, reserved 1075200K
  class space    used 3741K, capacity 4092K, committed 4096K, reserved 1048576K
}
Event: 67.951 GC heap before
{Heap before GC invocations=9 (full 2):
 PSYoungGen      total 81920K, used 68608K [0x00000000d6000000, 0x00000000dc100000, 0x0000000100000000)
  eden space 68608K, 100% used [0x00000000d6000000,0x00000000da300000,0x00000000da300000)
  from space 13312K, 0% used [0x00000000db400000,0x00000000db400000,0x00000000dc100000)
  to   space 15360K, 0% used [0x00000000da300000,0x00000000da300000,0x00000000db200000)
 ParOldGen       total 235008K, used 120567K [0x0000000082000000, 0x0000000090580000, 0x00000000d6000000)
  object space 235008K, 51% used [0x0000000082000000,0x00000000895bded8,0x0000000090580000)
 Metaspace       used 29215K, capacity 31168K, committed 31448K, reserved 1077248K
  class space    used 3850K, capacity 4225K, committed 4352K, reserved 1048576K
Event: 67.963 GC heap after
Heap after GC invocations=9 (full 2):
 PSYoungGen      total 83968K, used 5599K [0x00000000d6000000, 0x00000000dd700000, 0x0000000100000000)
  eden space 68608K, 0% used [0x00000000d6000000,0x00000000d6000000,0x00000000da300000)
  from space 15360K, 36% used [0x00000000da300000,0x00000000da877ef0,0x00000000db200000)
  to   space 14848K, 0% used [0x00000000dc880000,0x00000000dc880000,0x00000000dd700000)
 ParOldGen       total 235008K, used 120575K [0x0000000082000000, 0x0000000090580000, 0x00000000d6000000)
  object space 235008K, 51% used [0x0000000082000000,0x00000000895bfed8,0x0000000090580000)
 Metaspace       used 29215K, capacity 31168K, committed 31448K, reserved 1077248K
  class space    used 3850K, capacity 4225K, committed 4352K, reserved 1048576K
}

